
/home/runner/work/exp-interpolation-inverse-interpolation-iitb/exp-interpolation-inverse-interpolation-iitb/experiment/simulation/common_libraries/js/ts_components/collapse_step.js
   1:10  warning  'show_step' is defined but never used                 no-unused-vars
   2:5   warning  '$' is not defined                                    no-undef
   3:9   warning  '$' is not defined                                    no-undef
   6:10  warning  'hide_step' is defined but never used                 no-unused-vars
   7:5   warning  '$' is not defined                                    no-undef
   8:9   warning  '$' is not defined                                    no-undef
  11:10  warning  'get_collapse_btn_text' is defined but never used     no-unused-vars
  20:10  warning  'get_collapse_btn_element' is defined but never used  no-unused-vars
  29:10  warning  'hide_all_steps' is defined but never used            no-unused-vars
  31:9   warning  '$' is not defined                                    no-undef

/home/runner/work/exp-interpolation-inverse-interpolation-iitb/exp-interpolation-inverse-interpolation-iitb/experiment/simulation/common_libraries/js/ts_components/matrix.js
   27:26  warning  'MathJax' is not defined                                no-undef
   32:7   warning  'Matrix_Without_String' is defined but never used       no-unused-vars
   52:26  warning  'MathJax' is not defined                                no-undef
   56:10  warning  'get_matrix_html' is defined but never used             no-unused-vars
   87:13  warning  'row_html' is assigned a value but never used           no-unused-vars
   99:10  warning  'get_matrix_html_with_title' is defined but never used  no-unused-vars
  131:13  warning  'row_html' is assigned a value but never used           no-unused-vars
  143:10  warning  'convert_2d_to_1d_vector' is defined but never used     no-unused-vars
  156:10  warning  'convert_1d_to_2d_matrix' is defined but never used     no-unused-vars

/home/runner/work/exp-interpolation-inverse-interpolation-iitb/exp-interpolation-inverse-interpolation-iitb/experiment/simulation/common_libraries/js/ts_components/pannel.js
  8:7  warning  'Pannel' is defined but never used  no-unused-vars

/home/runner/work/exp-interpolation-inverse-interpolation-iitb/exp-interpolation-inverse-interpolation-iitb/experiment/simulation/common_libraries/js/ts_components/questions.js
   6:17  warning  'op1' is assigned a value but never used      no-unused-vars
   7:17  warning  'op2' is assigned a value but never used      no-unused-vars
   8:17  warning  'op3' is assigned a value but never used      no-unused-vars
   9:17  warning  'op4' is assigned a value but never used      no-unused-vars
  94:7   warning  'Question_Options' is defined but never used  no-unused-vars

/home/runner/work/exp-interpolation-inverse-interpolation-iitb/exp-interpolation-inverse-interpolation-iitb/experiment/simulation/common_libraries/js/ts_components/tables.js
   19:22  warning  'verify_values' is not defined                                     no-undef
  137:22  warning  'verify_values' is not defined                                     no-undef
  260:7   warning  'Verify_Rows_Cols_6_decimal_places' is defined but never used      no-unused-vars
  311:22  warning  'verify_values' is not defined                                     no-undef
  416:7   warning  'Verify_Rows_Cols_Custom_Fixed_Update1' is defined but never used  no-unused-vars
  468:7   warning  'Show_Table_Custom_Fixed' is defined but never used                no-unused-vars
  506:7   warning  'Verify_Rows_Cols_Strings' is defined but never used               no-unused-vars
  527:22  warning  'verify_values' is not defined                                     no-undef
  663:7   warning  'Display_Table' is defined but never used                          no-unused-vars

/home/runner/work/exp-interpolation-inverse-interpolation-iitb/exp-interpolation-inverse-interpolation-iitb/experiment/simulation/common_libraries/js/ts_math_library/general_math_functions.js
    1:10  warning  'verify_values' is defined but never used                   no-unused-vars
   17:10  warning  'random1' is defined but never used                         no-unused-vars
   21:10  warning  'std_deviation' is defined but never used                   no-unused-vars
   26:10  warning  'gauss' is defined but never used                           no-unused-vars
   56:10  warning  'hide_panel' is defined but never used                      no-unused-vars
   63:10  warning  'inverse_matrix' is defined but never used                  no-unused-vars
   96:10  warning  'matrix_multiplication' is defined but never used           no-unused-vars
  113:10  warning  'transpose_matrix' is defined but never used                no-unused-vars
  123:10  warning  'matrix_multiplication_8decimal' is defined but never used  no-unused-vars
  140:10  warning  'adjoint_2x2_matrix' is defined but never used              no-unused-vars
  145:10  warning  'find_deteminant' is defined but never used                 no-unused-vars
  174:10  warning  'get_Submatrix' is defined but never used                   no-unused-vars

/home/runner/work/exp-interpolation-inverse-interpolation-iitb/exp-interpolation-inverse-interpolation-iitb/experiment/simulation/common_libraries/js/ts_math_library/regression.js
   1:10  warning  'regression_linear' is defined but never used            no-unused-vars
  18:10  warning  'regression_linear_1variable' is defined but never used  no-unused-vars
  27:10  warning  'regression_linear_2variable' is defined but never used  no-unused-vars
  52:11  warning  'gauss' is not defined                                   no-undef

/home/runner/work/exp-interpolation-inverse-interpolation-iitb/exp-interpolation-inverse-interpolation-iitb/experiment/simulation/common_libraries/math.ob.js
  1:745  warning  'b' is already defined  no-redeclare

/home/runner/work/exp-interpolation-inverse-interpolation-iitb/exp-interpolation-inverse-interpolation-iitb/experiment/simulation/js/activity1.js
   13:9   warning  'MathJax' is not defined                    no-undef
   16:10  warning  'calculate_xy' is defined but never used    no-unused-vars
   17:5   warning  'x1' is not defined                         no-undef
   18:40  warning  'x1' is not defined                         no-undef
   20:5   warning  'x_val' is not defined                      no-undef
   20:16  warning  'x1' is not defined                         no-undef
   22:9   warning  'x_val' is not defined                      no-undef
   22:30  warning  'x_val' is not defined                      no-undef
   24:28  warning  'x_val' is not defined                      no-undef
   27:5   warning  'yr' is not defined                         no-undef
   28:40  warning  'yr' is not defined                         no-undef
   29:5   warning  'y_val' is not defined                      no-undef
   29:13  warning  'gety' is not defined                       no-undef
   29:18  warning  'x_val' is not defined                      no-undef
   29:25  warning  'yr' is not defined                         no-undef
   30:28  warning  'y_val' is not defined                      no-undef
   31:29  warning  'y_val' is not defined                      no-undef
   32:29  warning  'y_val' is not defined                      no-undef
   33:16  warning  'y_val' is not defined                      no-undef
   34:16  warning  'y_val' is not defined                      no-undef
   35:5   warning  'yi' is not defined                         no-undef
   36:40  warning  'yi' is not defined                         no-undef
   44:20  warning  'get_collapse_btn_text' is not defined      no-undef
   49:25  warning  'yi' is not defined                         no-undef
   85:31  warning  'yi' is not defined                         no-undef
   93:5   warning  'hide_all_steps' is not defined             no-undef
   96:9   warning  'show_step' is not defined                  no-undef
   99:9   warning  'MathJax' is not defined                    no-undef
  105:5   warning  'tb_data' is not defined                    no-undef
  108:21  warning  'x_val' is not defined                      no-undef
  109:24  warning  'x_val' is not defined                      no-undef
  110:9   warning  'tb_data' is not defined                    no-undef
  110:25  warning  'y_val' is not defined                      no-undef
  113:18  warning  'Display_Table' is not defined              no-undef
  113:40  warning  'tb_data' is not defined                    no-undef
  118:22  warning  'y_val' is not defined                      no-undef
  119:5   warning  'y_val' is not defined                      no-undef
  119:13  warning  'x_val' is not defined                      no-undef
  120:5   warning  'x_val' is not defined                      no-undef
  121:37  warning  'x_val' is not defined                      no-undef
  122:37  warning  'y_val' is not defined                      no-undef
  124:9   warning  'lagrn' is not defined                      no-undef
  124:20  warning  'lagrange' is not defined                   no-undef
  124:29  warning  'yi' is not defined                         no-undef
  124:36  warning  'x_val' is not defined                      no-undef
  126:28  warning  'lagrn' is not defined                      no-undef
  127:6   warning  'l1' is not defined                         no-undef
  127:10  warning  'l2' is not defined                         no-undef
  127:14  warning  'l3' is not defined                         no-undef
  127:18  warning  'l4' is not defined                         no-undef
  127:24  warning  'lagrn' is not defined                      no-undef
  128:25  warning  'l1' is not defined                         no-undef
  129:25  warning  'l2' is not defined                         no-undef
  130:25  warning  'l3' is not defined                         no-undef
  131:25  warning  'l4' is not defined                         no-undef
  134:10  warning  'verify_l_vals' is defined but never used   no-unused-vars
  144:10  warning  'verify_values' is not defined              no-undef
  144:82  warning  'l1' is not defined                         no-undef
  148:10  warning  'verify_values' is not defined              no-undef
  148:82  warning  'l2' is not defined                         no-undef
  152:10  warning  'verify_values' is not defined              no-undef
  152:82  warning  'l3' is not defined                         no-undef
  156:10  warning  'verify_values' is not defined              no-undef
  156:82  warning  'l4' is not defined                         no-undef
  162:24  warning  'l1' is not defined                         no-undef
  164:24  warning  'l2' is not defined                         no-undef
  166:24  warning  'l3' is not defined                         no-undef
  168:24  warning  'l4' is not defined                         no-undef
  172:10  warning  'verify_yl_vals' is defined but never used  no-unused-vars
  182:10  warning  'verify_values' is not defined              no-undef
  182:82  warning  'y1l1' is not defined                       no-undef
  186:10  warning  'verify_values' is not defined              no-undef
  186:82  warning  'y2l2' is not defined                       no-undef
  190:10  warning  'verify_values' is not defined              no-undef
  190:82  warning  'y3l3' is not defined                       no-undef
  194:10  warning  'verify_values' is not defined              no-undef
  194:82  warning  'y4l4' is not defined                       no-undef
  200:24  warning  'y1l1' is not defined                       no-undef
  202:24  warning  'y2l2' is not defined                       no-undef
  204:24  warning  'y3l3' is not defined                       no-undef
  206:24  warning  'y4l4' is not defined                       no-undef
  212:9   warning  'y_lag' is not defined                      no-undef
  212:20  warning  'y_val' is not defined                      no-undef
  212:31  warning  'lagrn' is not defined                      no-undef
  214:28  warning  'y_lag' is not defined                      no-undef
  215:6   warning  'y1l1' is not defined                       no-undef
  215:12  warning  'y2l2' is not defined                       no-undef
  215:18  warning  'y3l3' is not defined                       no-undef
  215:24  warning  'y4l4' is not defined                       no-undef
  215:32  warning  'y_lag' is not defined                      no-undef
  216:27  warning  'y1l1' is not defined                       no-undef
  217:27  warning  'y2l2' is not defined                       no-undef
  218:27  warning  'y3l3' is not defined                       no-undef
  219:27  warning  'y4l4' is not defined                       no-undef
  220:5   warning  'y' is not defined                          no-undef
  220:9   warning  'y1l1' is not defined                       no-undef
  220:16  warning  'y2l2' is not defined                       no-undef
  220:23  warning  'y3l3' is not defined                       no-undef
  220:30  warning  'y4l4' is not defined                       no-undef
  221:30  warning  'y' is not defined                          no-undef
  223:10  warning  'verify_y_value' is defined but never used  no-unused-vars
  227:10  warning  'verify_values' is not defined              no-undef
  227:83  warning  'y' is not defined                          no-undef
  236:28  warning  'y' is not defined                          no-undef
  240:5   warning  'activity2' is not defined                  no-undef

/home/runner/work/exp-interpolation-inverse-interpolation-iitb/exp-interpolation-inverse-interpolation-iitb/experiment/simulation/js/activity2.js
    1:10  warning  'activity2' is defined but never used            no-unused-vars
    6:5   warning  'xn' is not defined                              no-undef
    6:10  warning  'yi' is not defined                              no-undef
    7:20  warning  'get_collapse_btn_text' is not defined           no-undef
   11:16  warning  'xn' is not defined                              no-undef
   49:31  warning  'xn' is not defined                              no-undef
   59:5   warning  'maindiv' is not defined                         no-undef
   62:5   warning  'show_step' is not defined                       no-undef
   63:24  warning  'MathJax' is not defined                         no-undef
   66:43  warning  'x_val' is not defined                           no-undef
   67:43  warning  'y_val' is not defined                           no-undef
   69:9   warning  'act2_lagrn' is not defined                      no-undef
   69:25  warning  'lagrange' is not defined                        no-undef
   69:34  warning  'xn' is not defined                              no-undef
   69:41  warning  'x_val' is not defined                           no-undef
   71:33  warning  'act2_lagrn' is not defined                      no-undef
   72:6   warning  'act2_l1' is not defined                         no-undef
   72:15  warning  'act2_l2' is not defined                         no-undef
   72:24  warning  'act2_l3' is not defined                         no-undef
   72:33  warning  'act2_l4' is not defined                         no-undef
   72:44  warning  'act2_lagrn' is not defined                      no-undef
   73:30  warning  'act2_l1' is not defined                         no-undef
   74:30  warning  'act2_l2' is not defined                         no-undef
   75:30  warning  'act2_l3' is not defined                         no-undef
   76:30  warning  'act2_l4' is not defined                         no-undef
   79:10  warning  'act2_verify_l_vals' is defined but never used   no-unused-vars
   89:10  warning  'verify_values' is not defined                   no-undef
   89:82  warning  'act2_l1' is not defined                         no-undef
   93:10  warning  'verify_values' is not defined                   no-undef
   93:82  warning  'act2_l2' is not defined                         no-undef
   97:10  warning  'verify_values' is not defined                   no-undef
   97:82  warning  'act2_l3' is not defined                         no-undef
  101:10  warning  'verify_values' is not defined                   no-undef
  101:82  warning  'act2_l4' is not defined                         no-undef
  107:24  warning  'act2_l1' is not defined                         no-undef
  109:24  warning  'act2_l2' is not defined                         no-undef
  111:24  warning  'act2_l3' is not defined                         no-undef
  113:24  warning  'act2_l4' is not defined                         no-undef
  117:10  warning  'act2_verify_yl_vals' is defined but never used  no-unused-vars
  127:10  warning  'verify_values' is not defined                   no-undef
  127:82  warning  'act2_y1l1' is not defined                       no-undef
  131:10  warning  'verify_values' is not defined                   no-undef
  131:82  warning  'act2_y2l2' is not defined                       no-undef
  135:10  warning  'verify_values' is not defined                   no-undef
  135:82  warning  'act2_y3l3' is not defined                       no-undef
  139:10  warning  'verify_values' is not defined                   no-undef
  139:82  warning  'act2_y4l4' is not defined                       no-undef
  145:24  warning  'act2_y1l1' is not defined                       no-undef
  147:24  warning  'act2_y2l2' is not defined                       no-undef
  149:24  warning  'act2_y3l3' is not defined                       no-undef
  151:24  warning  'act2_y4l4' is not defined                       no-undef
  157:9   warning  'act2_y_lag' is not defined                      no-undef
  157:25  warning  'y_val' is not defined                           no-undef
  157:36  warning  'act2_lagrn' is not defined                      no-undef
  159:33  warning  'act2_y_lag' is not defined                      no-undef
  160:6   warning  'act2_y1l1' is not defined                       no-undef
  160:17  warning  'act2_y2l2' is not defined                       no-undef
  160:28  warning  'act2_y3l3' is not defined                       no-undef
  160:39  warning  'act2_y4l4' is not defined                       no-undef
  160:52  warning  'act2_y_lag' is not defined                      no-undef
  161:32  warning  'act2_y1l1' is not defined                       no-undef
  162:32  warning  'act2_y2l2' is not defined                       no-undef
  163:32  warning  'act2_y3l3' is not defined                       no-undef
  164:32  warning  'act2_y4l4' is not defined                       no-undef
  165:5   warning  'act2_y' is not defined                          no-undef
  165:14  warning  'act2_y1l1' is not defined                       no-undef
  165:26  warning  'act2_y2l2' is not defined                       no-undef
  165:38  warning  'act2_y3l3' is not defined                       no-undef
  165:50  warning  'act2_y4l4' is not defined                       no-undef
  166:28  warning  'act2_y' is not defined                          no-undef
  168:10  warning  'act2_verify_y_value' is defined but never used  no-unused-vars
  171:10  warning  'verify_values' is not defined                   no-undef
  171:83  warning  'act2_y' is not defined                          no-undef
  185:10  warning  'exp_complete' is defined but never used         no-unused-vars

/home/runner/work/exp-interpolation-inverse-interpolation-iitb/exp-interpolation-inverse-interpolation-iitb/experiment/simulation/js/data.js
   1:5  warning  'lagrn' is assigned a value but never used       no-unused-vars
   2:5  warning  'l1' is defined but never used                   no-unused-vars
   3:5  warning  'l2' is defined but never used                   no-unused-vars
   4:5  warning  'l3' is defined but never used                   no-unused-vars
   5:5  warning  'l4' is defined but never used                   no-unused-vars
   6:5  warning  'yr' is defined but never used                   no-unused-vars
   7:5  warning  'y_lag' is assigned a value but never used       no-unused-vars
   8:5  warning  'y1l1' is defined but never used                 no-unused-vars
   9:5  warning  'y2l2' is defined but never used                 no-unused-vars
  10:5  warning  'y3l3' is defined but never used                 no-unused-vars
  11:5  warning  'y4l4' is defined but never used                 no-unused-vars
  12:5  warning  'tb_data' is assigned a value but never used     no-unused-vars
  13:5  warning  'n_val' is defined but never used                no-unused-vars
  14:5  warning  'x1' is assigned a value but never used          no-unused-vars
  15:5  warning  'y' is defined but never used                    no-unused-vars
  16:5  warning  'x_val' is assigned a value but never used       no-unused-vars
  17:5  warning  'y_val' is assigned a value but never used       no-unused-vars
  18:5  warning  'xi' is defined but never used                   no-unused-vars
  19:5  warning  'n' is assigned a value but never used           no-unused-vars
  20:5  warning  'yi' is defined but never used                   no-unused-vars
  21:5  warning  'xn' is defined but never used                   no-unused-vars
  22:5  warning  'act2_x_val' is assigned a value but never used  no-unused-vars
  23:5  warning  'act2_y_val' is assigned a value but never used  no-unused-vars
  24:5  warning  'act2_lagrn' is assigned a value but never used  no-unused-vars
  25:5  warning  'act2_l1' is defined but never used              no-unused-vars
  26:5  warning  'act2_l2' is defined but never used              no-unused-vars
  27:5  warning  'act2_l3' is defined but never used              no-unused-vars
  28:5  warning  'act2_l4' is defined but never used              no-unused-vars
  29:5  warning  'act2_y1l1' is defined but never used            no-unused-vars
  30:5  warning  'act2_y2l2' is defined but never used            no-unused-vars
  31:5  warning  'act2_y3l3' is defined but never used            no-unused-vars
  32:5  warning  'act2_y4l4' is defined but never used            no-unused-vars
  33:5  warning  'act2_y_lag' is assigned a value but never used  no-unused-vars
  34:5  warning  'act2_y' is defined but never used               no-unused-vars

/home/runner/work/exp-interpolation-inverse-interpolation-iitb/exp-interpolation-inverse-interpolation-iitb/experiment/simulation/js/lagrange.js
   1:10  warning  'gety' is defined but never used      no-unused-vars
   8:10  warning  'lagrange' is defined but never used  no-unused-vars
  19:14  warning  Empty block statement                 no-empty

/home/runner/work/exp-interpolation-inverse-interpolation-iitb/exp-interpolation-inverse-interpolation-iitb/experiment/simulation/js/screen_size.js
  1:10  warning  'set_screen_size' is defined but never used  no-unused-vars

✖ 268 problems (0 errors, 268 warnings)

